0 info it worked if it ends with ok
1 verbose cli [ 'D:\\Programs\\nodejs\\node.exe',
1 verbose cli   'D:\\Programs\\nodejs\\node_modules\\npm\\bin\\npm-cli.js',
1 verbose cli   'rebuild',
1 verbose cli   'node-sass' ]
2 info using npm@3.10.3
3 info using node@v6.4.0
4 info readInstalled object
5 verbose rebuild path, id [ 'C:\\Users\\guilherme\\Desktop\\feltrinIonic\\feltrinIonic\\node_modules\\gulp-sass\\node_modules\\node-sass',
5 verbose rebuild   'node-sass@3.11.2' ]
6 verbose rebuild path, id [ 'C:\\Users\\guilherme\\Desktop\\feltrinIonic\\feltrinIonic\\node_modules\\ionic\\node_modules\\ionic-app-lib\\node_modules\\node-sass',
6 verbose rebuild   'node-sass@3.4.2' ]
7 silly rebuild set [ 'C:\\Users\\guilherme\\Desktop\\feltrinIonic\\feltrinIonic\\node_modules\\gulp-sass\\node_modules\\node-sass',
7 silly rebuild set   'C:\\Users\\guilherme\\Desktop\\feltrinIonic\\feltrinIonic\\node_modules\\ionic\\node_modules\\ionic-app-lib\\node_modules\\node-sass' ]
8 info build C:\Users\guilherme\Desktop\feltrinIonic\feltrinIonic\node_modules\gulp-sass\node_modules\node-sass
9 info lifecycle node-sass@3.11.2~preinstall: node-sass@3.11.2
10 silly lifecycle node-sass@3.11.2~preinstall: no script for preinstall, continuing
11 info linkStuff node-sass@3.11.2
12 silly linkStuff node-sass@3.11.2 has C:\Users\guilherme\Desktop\feltrinIonic\feltrinIonic\node_modules\gulp-sass\node_modules as its parent node_modules
13 verbose linkBins node-sass@3.11.2
14 verbose link bins [ { 'node-sass': 'bin/node-sass' },
14 verbose link bins   'C:\\Users\\guilherme\\Desktop\\feltrinIonic\\feltrinIonic\\node_modules\\gulp-sass\\node_modules\\.bin',
14 verbose link bins   false ]
15 verbose linkMans node-sass@3.11.2
16 verbose rebuildBundles node-sass@3.11.2
17 verbose rebuildBundles [ '.bin',
17 verbose rebuildBundles   'async-foreach',
17 verbose rebuildBundles   'chalk',
17 verbose rebuildBundles   'cross-spawn',
17 verbose rebuildBundles   'gaze',
17 verbose rebuildBundles   'get-stdin',
17 verbose rebuildBundles   'glob',
17 verbose rebuildBundles   'in-publish',
17 verbose rebuildBundles   'lodash.assign',
17 verbose rebuildBundles   'meow',
17 verbose rebuildBundles   'mkdirp',
17 verbose rebuildBundles   'nan',
17 verbose rebuildBundles   'node-gyp',
17 verbose rebuildBundles   'npmlog',
17 verbose rebuildBundles   'request',
17 verbose rebuildBundles   'sass-graph' ]
18 info lifecycle node-sass@3.11.2~install: node-sass@3.11.2
19 verbose lifecycle node-sass@3.11.2~install: unsafe-perm in lifecycle true
20 verbose lifecycle node-sass@3.11.2~install: PATH: D:\Programs\nodejs\node_modules\npm\bin\node-gyp-bin;C:\Users\guilherme\Desktop\feltrinIonic\feltrinIonic\node_modules\gulp-sass\node_modules\node-sass\node_modules\.bin;C:\Users\guilherme\Desktop\feltrinIonic\feltrinIonic\node_modules\gulp-sass\node_modules\.bin;C:\Users\guilherme\Desktop\feltrinIonic\feltrinIonic\node_modules\.bin;D:\Programs\nodejs;C:\ProgramData\Oracle\Java\javapath;C:\WINDOWS\system32;C:\WINDOWS;C:\WINDOWS\System32\Wbem;C:\WINDOWS\System32\WindowsPowerShell\v1.0\;C:\Program Files (x86)\Skype\Phone\;C:\Program Files\Microsoft SQL Server\130\Tools\Binn\;C:\Program Files (x86)\Microsoft SQL Server\Client SDK\ODBC\110\Tools\Binn\;C:\Program Files (x86)\Microsoft SQL Server\120\Tools\Binn\ManagementStudio\;C:\Program Files (x86)\Microsoft SQL Server\120\Tools\Binn\;C:\Program Files (x86)\Microsoft SQL Server\120\DTS\Binn\;C:\Program Files\Microsoft SQL Server\120\Tools\Binn\;D:\Programs\Python27\;D:\Programs\Python27\Scripts;D:\;D:\Programs\nodejs\;C:\Users\guilherme\AppData\Roaming\npm;C:\Users\guilherme\AppData\Local\Microsoft\WindowsApps
21 verbose lifecycle node-sass@3.11.2~install: CWD: C:\Users\guilherme\Desktop\feltrinIonic\feltrinIonic\node_modules\gulp-sass\node_modules\node-sass
22 silly lifecycle node-sass@3.11.2~install: Args: [ '/d /s /c', 'node scripts/install.js' ]
23 silly lifecycle node-sass@3.11.2~install: Returned: code: 0  signal: null
24 info lifecycle node-sass@3.11.2~postinstall: node-sass@3.11.2
25 verbose lifecycle node-sass@3.11.2~postinstall: unsafe-perm in lifecycle true
26 verbose lifecycle node-sass@3.11.2~postinstall: PATH: D:\Programs\nodejs\node_modules\npm\bin\node-gyp-bin;C:\Users\guilherme\Desktop\feltrinIonic\feltrinIonic\node_modules\gulp-sass\node_modules\node-sass\node_modules\.bin;C:\Users\guilherme\Desktop\feltrinIonic\feltrinIonic\node_modules\gulp-sass\node_modules\.bin;C:\Users\guilherme\Desktop\feltrinIonic\feltrinIonic\node_modules\.bin;D:\Programs\nodejs;C:\ProgramData\Oracle\Java\javapath;C:\WINDOWS\system32;C:\WINDOWS;C:\WINDOWS\System32\Wbem;C:\WINDOWS\System32\WindowsPowerShell\v1.0\;C:\Program Files (x86)\Skype\Phone\;C:\Program Files\Microsoft SQL Server\130\Tools\Binn\;C:\Program Files (x86)\Microsoft SQL Server\Client SDK\ODBC\110\Tools\Binn\;C:\Program Files (x86)\Microsoft SQL Server\120\Tools\Binn\ManagementStudio\;C:\Program Files (x86)\Microsoft SQL Server\120\Tools\Binn\;C:\Program Files (x86)\Microsoft SQL Server\120\DTS\Binn\;C:\Program Files\Microsoft SQL Server\120\Tools\Binn\;D:\Programs\Python27\;D:\Programs\Python27\Scripts;D:\;D:\Programs\nodejs\;C:\Users\guilherme\AppData\Roaming\npm;C:\Users\guilherme\AppData\Local\Microsoft\WindowsApps
27 verbose lifecycle node-sass@3.11.2~postinstall: CWD: C:\Users\guilherme\Desktop\feltrinIonic\feltrinIonic\node_modules\gulp-sass\node_modules\node-sass
28 silly lifecycle node-sass@3.11.2~postinstall: Args: [ '/d /s /c', 'node scripts/build.js' ]
29 silly lifecycle node-sass@3.11.2~postinstall: Returned: code: 0  signal: null
30 info build C:\Users\guilherme\Desktop\feltrinIonic\feltrinIonic\node_modules\ionic\node_modules\ionic-app-lib\node_modules\node-sass
31 info lifecycle node-sass@3.4.2~preinstall: node-sass@3.4.2
32 silly lifecycle node-sass@3.4.2~preinstall: no script for preinstall, continuing
33 info linkStuff node-sass@3.4.2
34 silly linkStuff node-sass@3.4.2 has C:\Users\guilherme\Desktop\feltrinIonic\feltrinIonic\node_modules\ionic\node_modules\ionic-app-lib\node_modules as its parent node_modules
35 verbose linkBins node-sass@3.4.2
36 verbose link bins [ { 'node-sass': 'bin/node-sass' },
36 verbose link bins   'C:\\Users\\guilherme\\Desktop\\feltrinIonic\\feltrinIonic\\node_modules\\ionic\\node_modules\\ionic-app-lib\\node_modules\\.bin',
36 verbose link bins   false ]
37 verbose linkMans node-sass@3.4.2
38 verbose rebuildBundles node-sass@3.4.2
39 verbose rebuildBundles [ 'async-foreach',
39 verbose rebuildBundles   'chalk',
39 verbose rebuildBundles   'gaze',
39 verbose rebuildBundles   'get-stdin',
39 verbose rebuildBundles   'glob',
39 verbose rebuildBundles   'meow',
39 verbose rebuildBundles   'mkdirp',
39 verbose rebuildBundles   'nan',
39 verbose rebuildBundles   'node-gyp',
39 verbose rebuildBundles   'npmconf',
39 verbose rebuildBundles   'request',
39 verbose rebuildBundles   'sass-graph' ]
40 info lifecycle node-sass@3.4.2~install: node-sass@3.4.2
41 verbose lifecycle node-sass@3.4.2~install: unsafe-perm in lifecycle true
42 verbose lifecycle node-sass@3.4.2~install: PATH: D:\Programs\nodejs\node_modules\npm\bin\node-gyp-bin;C:\Users\guilherme\Desktop\feltrinIonic\feltrinIonic\node_modules\ionic\node_modules\ionic-app-lib\node_modules\node-sass\node_modules\.bin;C:\Users\guilherme\Desktop\feltrinIonic\feltrinIonic\node_modules\ionic\node_modules\ionic-app-lib\node_modules\.bin;C:\Users\guilherme\Desktop\feltrinIonic\feltrinIonic\node_modules\ionic\node_modules\.bin;C:\Users\guilherme\Desktop\feltrinIonic\feltrinIonic\node_modules\.bin;D:\Programs\nodejs;C:\ProgramData\Oracle\Java\javapath;C:\WINDOWS\system32;C:\WINDOWS;C:\WINDOWS\System32\Wbem;C:\WINDOWS\System32\WindowsPowerShell\v1.0\;C:\Program Files (x86)\Skype\Phone\;C:\Program Files\Microsoft SQL Server\130\Tools\Binn\;C:\Program Files (x86)\Microsoft SQL Server\Client SDK\ODBC\110\Tools\Binn\;C:\Program Files (x86)\Microsoft SQL Server\120\Tools\Binn\ManagementStudio\;C:\Program Files (x86)\Microsoft SQL Server\120\Tools\Binn\;C:\Program Files (x86)\Microsoft SQL Server\120\DTS\Binn\;C:\Program Files\Microsoft SQL Server\120\Tools\Binn\;D:\Programs\Python27\;D:\Programs\Python27\Scripts;D:\;D:\Programs\nodejs\;C:\Users\guilherme\AppData\Roaming\npm;C:\Users\guilherme\AppData\Local\Microsoft\WindowsApps
43 verbose lifecycle node-sass@3.4.2~install: CWD: C:\Users\guilherme\Desktop\feltrinIonic\feltrinIonic\node_modules\ionic\node_modules\ionic-app-lib\node_modules\node-sass
44 silly lifecycle node-sass@3.4.2~install: Args: [ '/d /s /c', 'node scripts/install.js' ]
45 silly lifecycle node-sass@3.4.2~install: Returned: code: 0  signal: null
46 info lifecycle node-sass@3.4.2~postinstall: node-sass@3.4.2
47 verbose lifecycle node-sass@3.4.2~postinstall: unsafe-perm in lifecycle true
48 verbose lifecycle node-sass@3.4.2~postinstall: PATH: D:\Programs\nodejs\node_modules\npm\bin\node-gyp-bin;C:\Users\guilherme\Desktop\feltrinIonic\feltrinIonic\node_modules\ionic\node_modules\ionic-app-lib\node_modules\node-sass\node_modules\.bin;C:\Users\guilherme\Desktop\feltrinIonic\feltrinIonic\node_modules\ionic\node_modules\ionic-app-lib\node_modules\.bin;C:\Users\guilherme\Desktop\feltrinIonic\feltrinIonic\node_modules\ionic\node_modules\.bin;C:\Users\guilherme\Desktop\feltrinIonic\feltrinIonic\node_modules\.bin;D:\Programs\nodejs;C:\ProgramData\Oracle\Java\javapath;C:\WINDOWS\system32;C:\WINDOWS;C:\WINDOWS\System32\Wbem;C:\WINDOWS\System32\WindowsPowerShell\v1.0\;C:\Program Files (x86)\Skype\Phone\;C:\Program Files\Microsoft SQL Server\130\Tools\Binn\;C:\Program Files (x86)\Microsoft SQL Server\Client SDK\ODBC\110\Tools\Binn\;C:\Program Files (x86)\Microsoft SQL Server\120\Tools\Binn\ManagementStudio\;C:\Program Files (x86)\Microsoft SQL Server\120\Tools\Binn\;C:\Program Files (x86)\Microsoft SQL Server\120\DTS\Binn\;C:\Program Files\Microsoft SQL Server\120\Tools\Binn\;D:\Programs\Python27\;D:\Programs\Python27\Scripts;D:\;D:\Programs\nodejs\;C:\Users\guilherme\AppData\Roaming\npm;C:\Users\guilherme\AppData\Local\Microsoft\WindowsApps
49 verbose lifecycle node-sass@3.4.2~postinstall: CWD: C:\Users\guilherme\Desktop\feltrinIonic\feltrinIonic\node_modules\ionic\node_modules\ionic-app-lib\node_modules\node-sass
50 silly lifecycle node-sass@3.4.2~postinstall: Args: [ '/d /s /c', 'node scripts/build.js' ]
51 silly lifecycle node-sass@3.4.2~postinstall: Returned: code: 1  signal: null
52 info lifecycle node-sass@3.4.2~postinstall: Failed to exec postinstall script
53 verbose stack Error: node-sass@3.4.2 postinstall: `node scripts/build.js`
53 verbose stack Exit status 1
53 verbose stack     at EventEmitter.<anonymous> (D:\Programs\nodejs\node_modules\npm\lib\utils\lifecycle.js:242:16)
53 verbose stack     at emitTwo (events.js:106:13)
53 verbose stack     at EventEmitter.emit (events.js:191:7)
53 verbose stack     at ChildProcess.<anonymous> (D:\Programs\nodejs\node_modules\npm\lib\utils\spawn.js:40:14)
53 verbose stack     at emitTwo (events.js:106:13)
53 verbose stack     at ChildProcess.emit (events.js:191:7)
53 verbose stack     at maybeClose (internal/child_process.js:852:16)
53 verbose stack     at Process.ChildProcess._handle.onexit (internal/child_process.js:215:5)
54 verbose pkgid node-sass@3.4.2
55 verbose cwd C:\Users\guilherme\Desktop\feltrinIonic\feltrinIonic
56 error Windows_NT 10.0.14393
57 error argv "D:\\Programs\\nodejs\\node.exe" "D:\\Programs\\nodejs\\node_modules\\npm\\bin\\npm-cli.js" "rebuild" "node-sass"
58 error node v6.4.0
59 error npm  v3.10.3
60 error code ELIFECYCLE
61 error node-sass@3.4.2 postinstall: `node scripts/build.js`
61 error Exit status 1
62 error Failed at the node-sass@3.4.2 postinstall script 'node scripts/build.js'.
62 error Make sure you have the latest version of node.js and npm installed.
62 error If you do, this is most likely a problem with the node-sass package,
62 error not with npm itself.
62 error Tell the author that this fails on your system:
62 error     node scripts/build.js
62 error You can get information on how to open an issue for this project with:
62 error     npm bugs node-sass
62 error Or if that isn't available, you can get their info via:
62 error     npm owner ls node-sass
62 error There is likely additional logging output above.
63 verbose exit [ 1, true ]
